<?xml version="1.0" encoding="UTF-8"?>
<testsuite xmlns:xsi="http://www.w3.org/2001/XMLSchema-instance" xsi:noNamespaceSchemaLocation="https://maven.apache.org/surefire/maven-surefire-plugin/xsd/surefire-test-report.xsd" name="examples.ExamplesTest" time="39.229" tests="1" errors="0" skipped="0" failures="0">
  <properties>
    <property name="awt.toolkit" value="sun.awt.X11.XToolkit"/>
    <property name="java.specification.version" value="11"/>
    <property name="sun.cpu.isalist" value=""/>
    <property name="sun.jnu.encoding" value="UTF-8"/>
    <property name="java.class.path" value="/home/sampleTest/SIMPLI-API/target/test-classes:/home/sampleTest/SIMPLI-API/target/classes:/root/.m2/repository/com/intuit/karate/karate-junit5/1.1.0/karate-junit5-1.1.0.jar:/root/.m2/repository/com/intuit/karate/karate-core/1.1.0/karate-core-1.1.0.jar:/root/.m2/repository/org/graalvm/js/js-scriptengine/21.2.0/js-scriptengine-21.2.0.jar:/root/.m2/repository/org/graalvm/sdk/graal-sdk/21.2.0/graal-sdk-21.2.0.jar:/root/.m2/repository/org/graalvm/js/js/21.2.0/js-21.2.0.jar:/root/.m2/repository/org/graalvm/regex/regex/21.2.0/regex-21.2.0.jar:/root/.m2/repository/org/graalvm/truffle/truffle-api/21.2.0/truffle-api-21.2.0.jar:/root/.m2/repository/com/ibm/icu/icu4j/69.1/icu4j-69.1.jar:/root/.m2/repository/ch/qos/logback/logback-classic/1.2.3/logback-classic-1.2.3.jar:/root/.m2/repository/ch/qos/logback/logback-core/1.2.3/logback-core-1.2.3.jar:/root/.m2/repository/org/slf4j/jcl-over-slf4j/1.7.25/jcl-over-slf4j-1.7.25.jar:/root/.m2/repository/com/jayway/jsonpath/json-path/2.6.0/json-path-2.6.0.jar:/root/.m2/repository/net/minidev/json-smart/2.4.7/json-smart-2.4.7.jar:/root/.m2/repository/net/minidev/accessors-smart/2.4.7/accessors-smart-2.4.7.jar:/root/.m2/repository/org/ow2/asm/asm/9.1/asm-9.1.jar:/root/.m2/repository/info/cukes/cucumber-java/1.2.5/cucumber-java-1.2.5.jar:/root/.m2/repository/info/cukes/cucumber-core/1.2.5/cucumber-core-1.2.5.jar:/root/.m2/repository/org/yaml/snakeyaml/1.29/snakeyaml-1.29.jar:/root/.m2/repository/de/siegmar/fastcsv/2.0.0/fastcsv-2.0.0.jar:/root/.m2/repository/info/picocli/picocli/4.6.1/picocli-4.6.1.jar:/root/.m2/repository/org/junit/jupiter/junit-jupiter-api/5.7.2/junit-jupiter-api-5.7.2.jar:/root/.m2/repository/org/apiguardian/apiguardian-api/1.1.0/apiguardian-api-1.1.0.jar:/root/.m2/repository/org/opentest4j/opentest4j/1.2.0/opentest4j-1.2.0.jar:/root/.m2/repository/org/junit/platform/junit-platform-commons/1.7.2/junit-platform-commons-1.7.2.jar:/root/.m2/repository/org/junit/jupiter/junit-jupiter-engine/5.7.2/junit-jupiter-engine-5.7.2.jar:/root/.m2/repository/org/junit/platform/junit-platform-engine/1.7.2/junit-platform-engine-1.7.2.jar:/root/.m2/repository/commons-io/commons-io/2.5/commons-io-2.5.jar:/root/.m2/repository/com/github/java-json-tools/json-schema-validator/2.2.8/json-schema-validator-2.2.8.jar:/root/.m2/repository/com/github/java-json-tools/json-schema-core/1.2.8/json-schema-core-1.2.8.jar:/root/.m2/repository/org/mozilla/rhino/1.7R4/rhino-1.7R4.jar:/root/.m2/repository/com/github/fge/jackson-coreutils/1.8/jackson-coreutils-1.8.jar:/root/.m2/repository/com/github/fge/msg-simple/1.1/msg-simple-1.1.jar:/root/.m2/repository/com/github/fge/btf/1.2/btf-1.2.jar:/root/.m2/repository/com/github/fge/uri-template/0.9/uri-template-0.9.jar:/root/.m2/repository/javax/mail/mailapi/1.4.3/mailapi-1.4.3.jar:/root/.m2/repository/javax/activation/activation/1.1/activation-1.1.jar:/root/.m2/repository/joda-time/joda-time/2.9.7/joda-time-2.9.7.jar:/root/.m2/repository/com/googlecode/libphonenumber/libphonenumber/8.0.0/libphonenumber-8.0.0.jar:/root/.m2/repository/com/google/code/findbugs/jsr305/3.0.1/jsr305-3.0.1.jar:/root/.m2/repository/net/sf/jopt-simple/jopt-simple/5.0.3/jopt-simple-5.0.3.jar:/root/.m2/repository/log4j/log4j/1.2.17/log4j-1.2.17.jar:/root/.m2/repository/com/fasterxml/jackson/core/jackson-core/2.12.0/jackson-core-2.12.0.jar:/root/.m2/repository/com/github/javafaker/javafaker/1.0.2/javafaker-1.0.2.jar:/root/.m2/repository/org/apache/commons/commons-lang3/3.5/commons-lang3-3.5.jar:/root/.m2/repository/org/yaml/snakeyaml/1.23/snakeyaml-1.23-android.jar:/root/.m2/repository/com/github/mifmif/generex/1.0.2/generex-1.0.2.jar:/root/.m2/repository/dk/brics/automaton/automaton/1.11-8/automaton-1.11-8.jar:/root/.m2/repository/net/masterthought/cucumber-reporting/5.3.0/cucumber-reporting-5.3.0.jar:/root/.m2/repository/com/fasterxml/jackson/core/jackson-databind/2.10.1/jackson-databind-2.10.1.jar:/root/.m2/repository/com/fasterxml/jackson/core/jackson-annotations/2.10.1/jackson-annotations-2.10.1.jar:/root/.m2/repository/com/fasterxml/jackson/datatype/jackson-datatype-jsr310/2.10.1/jackson-datatype-jsr310-2.10.1.jar:/root/.m2/repository/org/apache/velocity/velocity-engine-core/2.1/velocity-engine-core-2.1.jar:/root/.m2/repository/org/slf4j/slf4j-api/1.7.26/slf4j-api-1.7.26.jar:/root/.m2/repository/commons-collections/commons-collections/3.2.2/commons-collections-3.2.2.jar:/root/.m2/repository/org/codehaus/plexus/plexus-utils/3.3.0/plexus-utils-3.3.0.jar:/root/.m2/repository/org/jsoup/jsoup/1.12.1/jsoup-1.12.1.jar:/root/.m2/repository/com/googlecode/owasp-java-html-sanitizer/owasp-java-html-sanitizer/20191001.1/owasp-java-html-sanitizer-20191001.1.jar:/root/.m2/repository/com/google/guava/guava/27.1-jre/guava-27.1-jre.jar:/root/.m2/repository/com/google/guava/failureaccess/1.0.1/failureaccess-1.0.1.jar:/root/.m2/repository/com/google/guava/listenablefuture/9999.0-empty-to-avoid-conflict-with-guava/listenablefuture-9999.0-empty-to-avoid-conflict-with-guava.jar:/root/.m2/repository/org/checkerframework/checker-qual/2.5.2/checker-qual-2.5.2.jar:/root/.m2/repository/com/google/errorprone/error_prone_annotations/2.2.0/error_prone_annotations-2.2.0.jar:/root/.m2/repository/com/google/j2objc/j2objc-annotations/1.1/j2objc-annotations-1.1.jar:/root/.m2/repository/org/codehaus/mojo/animal-sniffer-annotations/1.17/animal-sniffer-annotations-1.17.jar:/root/.m2/repository/commons-configuration/commons-configuration/1.10/commons-configuration-1.10.jar:/root/.m2/repository/commons-lang/commons-lang/2.6/commons-lang-2.6.jar:/root/.m2/repository/commons-logging/commons-logging/1.1.1/commons-logging-1.1.1.jar:/root/.m2/repository/com/intuit/karate/karate-gatling/1.1.0/karate-gatling-1.1.0.jar:/root/.m2/repository/io/gatling/highcharts/gatling-charts-highcharts/3.6.0/gatling-charts-highcharts-3.6.0.jar:/root/.m2/repository/org/scala-lang/scala-library/2.13.6/scala-library-2.13.6.jar:/root/.m2/repository/io/gatling/gatling-app/3.6.0/gatling-app-3.6.0.jar:/root/.m2/repository/io/gatling/gatling-core/3.6.0/gatling-core-3.6.0.jar:/root/.m2/repository/io/gatling/gatling-commons/3.6.0/gatling-commons-3.6.0.jar:/root/.m2/repository/io/gatling/gatling-commons-shared/3.6.0/gatling-commons-shared-3.6.0.jar:/root/.m2/repository/org/scala-lang/scala-reflect/2.13.6/scala-reflect-2.13.6.jar:/root/.m2/repository/io/suzaku/boopickle_2.13/1.3.3/boopickle_2.13-1.3.3.jar:/root/.m2/repository/io/gatling/gatling-commons-shared-unstable/3.6.0/gatling-commons-shared-unstable-3.6.0.jar:/root/.m2/repository/org/typelevel/spire-macros_2.13/0.17.0/spire-macros_2.13-0.17.0.jar:/root/.m2/repository/com/typesafe/scala-logging/scala-logging_2.13/3.9.3/scala-logging_2.13-3.9.3.jar:/root/.m2/repository/io/gatling/gatling-jsonpath/3.6.0/gatling-jsonpath-3.6.0.jar:/root/.m2/repository/com/typesafe/akka/akka-slf4j_2.13/2.6.14/akka-slf4j_2.13-2.6.14.jar:/root/.m2/repository/org/simpleflatmapper/lightning-csv/8.2.3/lightning-csv-8.2.3.jar:/root/.m2/repository/org/simpleflatmapper/sfm-util/8.2.3/sfm-util-8.2.3.jar:/root/.m2/repository/com/github/ben-manes/caffeine/caffeine/2.9.1/caffeine-2.9.1.jar:/root/.m2/repository/io/pebbletemplates/pebble/3.1.5/pebble-3.1.5.jar:/root/.m2/repository/org/unbescape/unbescape/1.1.6.RELEASE/unbescape-1.1.6.RELEASE.jar:/root/.m2/repository/org/scala-lang/modules/scala-parser-combinators_2.13/2.0.0/scala-parser-combinators_2.13-2.0.0.jar:/root/.m2/repository/com/github/scopt/scopt_2.13/3.7.1/scopt_2.13-3.7.1.jar:/root/.m2/repository/io/netty/netty-handler/4.1.64.Final/netty-handler-4.1.64.Final.jar:/root/.m2/repository/io/netty/netty-common/4.1.64.Final/netty-common-4.1.64.Final.jar:/root/.m2/repository/io/netty/netty-resolver/4.1.64.Final/netty-resolver-4.1.64.Final.jar:/root/.m2/repository/io/netty/netty-buffer/4.1.64.Final/netty-buffer-4.1.64.Final.jar:/root/.m2/repository/io/netty/netty-transport/4.1.64.Final/netty-transport-4.1.64.Final.jar:/root/.m2/repository/io/netty/netty-codec/4.1.64.Final/netty-codec-4.1.64.Final.jar:/root/.m2/repository/com/softwaremill/quicklens/quicklens_2.13/1.7.2/quicklens_2.13-1.7.2.jar:/root/.m2/repository/net/sf/saxon/Saxon-HE/10.5/Saxon-HE-10.5.jar:/root/.m2/repository/org/jodd/jodd-lagarto/6.0.5/jodd-lagarto-6.0.5.jar:/root/.m2/repository/org/jodd/jodd-util/6.0.1/jodd-util-6.0.1.jar:/root/.m2/repository/io/burt/jmespath-jackson/0.5.0/jmespath-jackson-0.5.0.jar:/root/.m2/repository/io/burt/jmespath-core/0.5.0/jmespath-core-0.5.0.jar:/root/.m2/repository/io/gatling/gatling-http/3.6.0/gatling-http-3.6.0.jar:/root/.m2/repository/io/gatling/gatling-http-client/3.6.0/gatling-http-client-3.6.0.jar:/root/.m2/repository/io/gatling/gatling-netty-util/3.6.0/gatling-netty-util-3.6.0.jar:/root/.m2/repository/io/netty/netty-handler-proxy/4.1.64.Final/netty-handler-proxy-4.1.64.Final.jar:/root/.m2/repository/io/netty/netty-codec-socks/4.1.64.Final/netty-codec-socks-4.1.64.Final.jar:/root/.m2/repository/io/netty/netty-resolver-dns/4.1.64.Final/netty-resolver-dns-4.1.64.Final.jar:/root/.m2/repository/io/netty/netty-codec-dns/4.1.64.Final/netty-codec-dns-4.1.64.Final.jar:/root/.m2/repository/io/netty/netty-transport-native-epoll/4.1.64.Final/netty-transport-native-epoll-4.1.64.Final-linux-x86_64.jar:/root/.m2/repository/io/netty/netty-transport-native-unix-common/4.1.64.Final/netty-transport-native-unix-common-4.1.64.Final.jar:/root/.m2/repository/io/netty/netty-codec-http2/4.1.64.Final/netty-codec-http2-4.1.64.Final.jar:/root/.m2/repository/io/netty/netty-tcnative-boringssl-static/2.0.39.Final/netty-tcnative-boringssl-static-2.0.39.Final.jar:/root/.m2/repository/com/aayushatharva/brotli4j/brotli4j/1.4.2/brotli4j-1.4.2.jar:/root/.m2/repository/com/aayushatharva/brotli4j/native-linux-x86_64/1.4.2/native-linux-x86_64-1.4.2.jar:/root/.m2/repository/com/aayushatharva/brotli4j/native-linux-aarch64/1.4.2/native-linux-aarch64-1.4.2.jar:/root/.m2/repository/com/aayushatharva/brotli4j/native-osx-x86_64/1.4.2/native-osx-x86_64-1.4.2.jar:/root/.m2/repository/com/aayushatharva/brotli4j/native-windows-x86_64/1.4.2/native-windows-x86_64-1.4.2.jar:/root/.m2/repository/io/gatling/gatling-jms/3.6.0/gatling-jms-3.6.0.jar:/root/.m2/repository/javax/jms/javax.jms-api/2.0.1/javax.jms-api-2.0.1.jar:/root/.m2/repository/com/eatthepath/fast-uuid/0.1/fast-uuid-0.1.jar:/root/.m2/repository/io/gatling/gatling-jdbc/3.6.0/gatling-jdbc-3.6.0.jar:/root/.m2/repository/io/gatling/gatling-redis/3.6.0/gatling-redis-3.6.0.jar:/root/.m2/repository/net/debasishg/redisclient_2.13/3.30/redisclient_2.13-3.30.jar:/root/.m2/repository/org/apache/commons/commons-pool2/2.8.0/commons-pool2-2.8.0.jar:/root/.m2/repository/io/gatling/gatling-graphite/3.6.0/gatling-graphite-3.6.0.jar:/root/.m2/repository/org/hdrhistogram/HdrHistogram/2.1.12/HdrHistogram-2.1.12.jar:/root/.m2/repository/io/gatling/gatling-charts/3.6.0/gatling-charts-3.6.0.jar:/root/.m2/repository/com/tdunning/t-digest/3.1/t-digest-3.1.jar:/root/.m2/repository/io/gatling/gatling-recorder/3.6.0/gatling-recorder-3.6.0.jar:/root/.m2/repository/org/scala-lang/modules/scala-swing_2.13/3.0.0/scala-swing_2.13-3.0.0.jar:/root/.m2/repository/org/bouncycastle/bcpkix-jdk15on/1.68/bcpkix-jdk15on-1.68.jar:/root/.m2/repository/org/bouncycastle/bcprov-jdk15on/1.68/bcprov-jdk15on-1.68.jar:/root/.m2/repository/com/typesafe/akka/akka-actor_2.13/2.6.14/akka-actor_2.13-2.6.14.jar:/root/.m2/repository/com/typesafe/config/1.4.0/config-1.4.0.jar:/root/.m2/repository/org/scala-lang/modules/scala-java8-compat_2.13/0.9.0/scala-java8-compat_2.13-0.9.0.jar:"/>
    <property name="java.vm.vendor" value="Oracle Corporation"/>
    <property name="sun.arch.data.model" value="64"/>
    <property name="java.vendor.url" value="https://openjdk.java.net/"/>
    <property name="user.timezone" value=""/>
    <property name="java.vm.specification.version" value="11"/>
    <property name="os.name" value="Linux"/>
    <property name="sun.java.launcher" value="SUN_STANDARD"/>
    <property name="sun.boot.library.path" value="/usr/local/openjdk-11/lib"/>
    <property name="sun.java.command" value="/home/sampleTest/SIMPLI-API/target/surefire/surefirebooter12488578955270771373.jar /home/sampleTest/SIMPLI-API/target/surefire 2022-04-08T20-23-11_732-jvmRun1 surefire2993854745848446710tmp surefire_01854408263976336625tmp"/>
    <property name="jdk.debug" value="release"/>
    <property name="surefire.test.class.path" value="/home/sampleTest/SIMPLI-API/target/test-classes:/home/sampleTest/SIMPLI-API/target/classes:/root/.m2/repository/com/intuit/karate/karate-junit5/1.1.0/karate-junit5-1.1.0.jar:/root/.m2/repository/com/intuit/karate/karate-core/1.1.0/karate-core-1.1.0.jar:/root/.m2/repository/org/graalvm/js/js-scriptengine/21.2.0/js-scriptengine-21.2.0.jar:/root/.m2/repository/org/graalvm/sdk/graal-sdk/21.2.0/graal-sdk-21.2.0.jar:/root/.m2/repository/org/graalvm/js/js/21.2.0/js-21.2.0.jar:/root/.m2/repository/org/graalvm/regex/regex/21.2.0/regex-21.2.0.jar:/root/.m2/repository/org/graalvm/truffle/truffle-api/21.2.0/truffle-api-21.2.0.jar:/root/.m2/repository/com/ibm/icu/icu4j/69.1/icu4j-69.1.jar:/root/.m2/repository/ch/qos/logback/logback-classic/1.2.3/logback-classic-1.2.3.jar:/root/.m2/repository/ch/qos/logback/logback-core/1.2.3/logback-core-1.2.3.jar:/root/.m2/repository/org/slf4j/jcl-over-slf4j/1.7.25/jcl-over-slf4j-1.7.25.jar:/root/.m2/repository/com/jayway/jsonpath/json-path/2.6.0/json-path-2.6.0.jar:/root/.m2/repository/net/minidev/json-smart/2.4.7/json-smart-2.4.7.jar:/root/.m2/repository/net/minidev/accessors-smart/2.4.7/accessors-smart-2.4.7.jar:/root/.m2/repository/org/ow2/asm/asm/9.1/asm-9.1.jar:/root/.m2/repository/info/cukes/cucumber-java/1.2.5/cucumber-java-1.2.5.jar:/root/.m2/repository/info/cukes/cucumber-core/1.2.5/cucumber-core-1.2.5.jar:/root/.m2/repository/org/yaml/snakeyaml/1.29/snakeyaml-1.29.jar:/root/.m2/repository/de/siegmar/fastcsv/2.0.0/fastcsv-2.0.0.jar:/root/.m2/repository/info/picocli/picocli/4.6.1/picocli-4.6.1.jar:/root/.m2/repository/org/junit/jupiter/junit-jupiter-api/5.7.2/junit-jupiter-api-5.7.2.jar:/root/.m2/repository/org/apiguardian/apiguardian-api/1.1.0/apiguardian-api-1.1.0.jar:/root/.m2/repository/org/opentest4j/opentest4j/1.2.0/opentest4j-1.2.0.jar:/root/.m2/repository/org/junit/platform/junit-platform-commons/1.7.2/junit-platform-commons-1.7.2.jar:/root/.m2/repository/org/junit/jupiter/junit-jupiter-engine/5.7.2/junit-jupiter-engine-5.7.2.jar:/root/.m2/repository/org/junit/platform/junit-platform-engine/1.7.2/junit-platform-engine-1.7.2.jar:/root/.m2/repository/commons-io/commons-io/2.5/commons-io-2.5.jar:/root/.m2/repository/com/github/java-json-tools/json-schema-validator/2.2.8/json-schema-validator-2.2.8.jar:/root/.m2/repository/com/github/java-json-tools/json-schema-core/1.2.8/json-schema-core-1.2.8.jar:/root/.m2/repository/org/mozilla/rhino/1.7R4/rhino-1.7R4.jar:/root/.m2/repository/com/github/fge/jackson-coreutils/1.8/jackson-coreutils-1.8.jar:/root/.m2/repository/com/github/fge/msg-simple/1.1/msg-simple-1.1.jar:/root/.m2/repository/com/github/fge/btf/1.2/btf-1.2.jar:/root/.m2/repository/com/github/fge/uri-template/0.9/uri-template-0.9.jar:/root/.m2/repository/javax/mail/mailapi/1.4.3/mailapi-1.4.3.jar:/root/.m2/repository/javax/activation/activation/1.1/activation-1.1.jar:/root/.m2/repository/joda-time/joda-time/2.9.7/joda-time-2.9.7.jar:/root/.m2/repository/com/googlecode/libphonenumber/libphonenumber/8.0.0/libphonenumber-8.0.0.jar:/root/.m2/repository/com/google/code/findbugs/jsr305/3.0.1/jsr305-3.0.1.jar:/root/.m2/repository/net/sf/jopt-simple/jopt-simple/5.0.3/jopt-simple-5.0.3.jar:/root/.m2/repository/log4j/log4j/1.2.17/log4j-1.2.17.jar:/root/.m2/repository/com/fasterxml/jackson/core/jackson-core/2.12.0/jackson-core-2.12.0.jar:/root/.m2/repository/com/github/javafaker/javafaker/1.0.2/javafaker-1.0.2.jar:/root/.m2/repository/org/apache/commons/commons-lang3/3.5/commons-lang3-3.5.jar:/root/.m2/repository/org/yaml/snakeyaml/1.23/snakeyaml-1.23-android.jar:/root/.m2/repository/com/github/mifmif/generex/1.0.2/generex-1.0.2.jar:/root/.m2/repository/dk/brics/automaton/automaton/1.11-8/automaton-1.11-8.jar:/root/.m2/repository/net/masterthought/cucumber-reporting/5.3.0/cucumber-reporting-5.3.0.jar:/root/.m2/repository/com/fasterxml/jackson/core/jackson-databind/2.10.1/jackson-databind-2.10.1.jar:/root/.m2/repository/com/fasterxml/jackson/core/jackson-annotations/2.10.1/jackson-annotations-2.10.1.jar:/root/.m2/repository/com/fasterxml/jackson/datatype/jackson-datatype-jsr310/2.10.1/jackson-datatype-jsr310-2.10.1.jar:/root/.m2/repository/org/apache/velocity/velocity-engine-core/2.1/velocity-engine-core-2.1.jar:/root/.m2/repository/org/slf4j/slf4j-api/1.7.26/slf4j-api-1.7.26.jar:/root/.m2/repository/commons-collections/commons-collections/3.2.2/commons-collections-3.2.2.jar:/root/.m2/repository/org/codehaus/plexus/plexus-utils/3.3.0/plexus-utils-3.3.0.jar:/root/.m2/repository/org/jsoup/jsoup/1.12.1/jsoup-1.12.1.jar:/root/.m2/repository/com/googlecode/owasp-java-html-sanitizer/owasp-java-html-sanitizer/20191001.1/owasp-java-html-sanitizer-20191001.1.jar:/root/.m2/repository/com/google/guava/guava/27.1-jre/guava-27.1-jre.jar:/root/.m2/repository/com/google/guava/failureaccess/1.0.1/failureaccess-1.0.1.jar:/root/.m2/repository/com/google/guava/listenablefuture/9999.0-empty-to-avoid-conflict-with-guava/listenablefuture-9999.0-empty-to-avoid-conflict-with-guava.jar:/root/.m2/repository/org/checkerframework/checker-qual/2.5.2/checker-qual-2.5.2.jar:/root/.m2/repository/com/google/errorprone/error_prone_annotations/2.2.0/error_prone_annotations-2.2.0.jar:/root/.m2/repository/com/google/j2objc/j2objc-annotations/1.1/j2objc-annotations-1.1.jar:/root/.m2/repository/org/codehaus/mojo/animal-sniffer-annotations/1.17/animal-sniffer-annotations-1.17.jar:/root/.m2/repository/commons-configuration/commons-configuration/1.10/commons-configuration-1.10.jar:/root/.m2/repository/commons-lang/commons-lang/2.6/commons-lang-2.6.jar:/root/.m2/repository/commons-logging/commons-logging/1.1.1/commons-logging-1.1.1.jar:/root/.m2/repository/com/intuit/karate/karate-gatling/1.1.0/karate-gatling-1.1.0.jar:/root/.m2/repository/io/gatling/highcharts/gatling-charts-highcharts/3.6.0/gatling-charts-highcharts-3.6.0.jar:/root/.m2/repository/org/scala-lang/scala-library/2.13.6/scala-library-2.13.6.jar:/root/.m2/repository/io/gatling/gatling-app/3.6.0/gatling-app-3.6.0.jar:/root/.m2/repository/io/gatling/gatling-core/3.6.0/gatling-core-3.6.0.jar:/root/.m2/repository/io/gatling/gatling-commons/3.6.0/gatling-commons-3.6.0.jar:/root/.m2/repository/io/gatling/gatling-commons-shared/3.6.0/gatling-commons-shared-3.6.0.jar:/root/.m2/repository/org/scala-lang/scala-reflect/2.13.6/scala-reflect-2.13.6.jar:/root/.m2/repository/io/suzaku/boopickle_2.13/1.3.3/boopickle_2.13-1.3.3.jar:/root/.m2/repository/io/gatling/gatling-commons-shared-unstable/3.6.0/gatling-commons-shared-unstable-3.6.0.jar:/root/.m2/repository/org/typelevel/spire-macros_2.13/0.17.0/spire-macros_2.13-0.17.0.jar:/root/.m2/repository/com/typesafe/scala-logging/scala-logging_2.13/3.9.3/scala-logging_2.13-3.9.3.jar:/root/.m2/repository/io/gatling/gatling-jsonpath/3.6.0/gatling-jsonpath-3.6.0.jar:/root/.m2/repository/com/typesafe/akka/akka-slf4j_2.13/2.6.14/akka-slf4j_2.13-2.6.14.jar:/root/.m2/repository/org/simpleflatmapper/lightning-csv/8.2.3/lightning-csv-8.2.3.jar:/root/.m2/repository/org/simpleflatmapper/sfm-util/8.2.3/sfm-util-8.2.3.jar:/root/.m2/repository/com/github/ben-manes/caffeine/caffeine/2.9.1/caffeine-2.9.1.jar:/root/.m2/repository/io/pebbletemplates/pebble/3.1.5/pebble-3.1.5.jar:/root/.m2/repository/org/unbescape/unbescape/1.1.6.RELEASE/unbescape-1.1.6.RELEASE.jar:/root/.m2/repository/org/scala-lang/modules/scala-parser-combinators_2.13/2.0.0/scala-parser-combinators_2.13-2.0.0.jar:/root/.m2/repository/com/github/scopt/scopt_2.13/3.7.1/scopt_2.13-3.7.1.jar:/root/.m2/repository/io/netty/netty-handler/4.1.64.Final/netty-handler-4.1.64.Final.jar:/root/.m2/repository/io/netty/netty-common/4.1.64.Final/netty-common-4.1.64.Final.jar:/root/.m2/repository/io/netty/netty-resolver/4.1.64.Final/netty-resolver-4.1.64.Final.jar:/root/.m2/repository/io/netty/netty-buffer/4.1.64.Final/netty-buffer-4.1.64.Final.jar:/root/.m2/repository/io/netty/netty-transport/4.1.64.Final/netty-transport-4.1.64.Final.jar:/root/.m2/repository/io/netty/netty-codec/4.1.64.Final/netty-codec-4.1.64.Final.jar:/root/.m2/repository/com/softwaremill/quicklens/quicklens_2.13/1.7.2/quicklens_2.13-1.7.2.jar:/root/.m2/repository/net/sf/saxon/Saxon-HE/10.5/Saxon-HE-10.5.jar:/root/.m2/repository/org/jodd/jodd-lagarto/6.0.5/jodd-lagarto-6.0.5.jar:/root/.m2/repository/org/jodd/jodd-util/6.0.1/jodd-util-6.0.1.jar:/root/.m2/repository/io/burt/jmespath-jackson/0.5.0/jmespath-jackson-0.5.0.jar:/root/.m2/repository/io/burt/jmespath-core/0.5.0/jmespath-core-0.5.0.jar:/root/.m2/repository/io/gatling/gatling-http/3.6.0/gatling-http-3.6.0.jar:/root/.m2/repository/io/gatling/gatling-http-client/3.6.0/gatling-http-client-3.6.0.jar:/root/.m2/repository/io/gatling/gatling-netty-util/3.6.0/gatling-netty-util-3.6.0.jar:/root/.m2/repository/io/netty/netty-handler-proxy/4.1.64.Final/netty-handler-proxy-4.1.64.Final.jar:/root/.m2/repository/io/netty/netty-codec-socks/4.1.64.Final/netty-codec-socks-4.1.64.Final.jar:/root/.m2/repository/io/netty/netty-resolver-dns/4.1.64.Final/netty-resolver-dns-4.1.64.Final.jar:/root/.m2/repository/io/netty/netty-codec-dns/4.1.64.Final/netty-codec-dns-4.1.64.Final.jar:/root/.m2/repository/io/netty/netty-transport-native-epoll/4.1.64.Final/netty-transport-native-epoll-4.1.64.Final-linux-x86_64.jar:/root/.m2/repository/io/netty/netty-transport-native-unix-common/4.1.64.Final/netty-transport-native-unix-common-4.1.64.Final.jar:/root/.m2/repository/io/netty/netty-codec-http2/4.1.64.Final/netty-codec-http2-4.1.64.Final.jar:/root/.m2/repository/io/netty/netty-tcnative-boringssl-static/2.0.39.Final/netty-tcnative-boringssl-static-2.0.39.Final.jar:/root/.m2/repository/com/aayushatharva/brotli4j/brotli4j/1.4.2/brotli4j-1.4.2.jar:/root/.m2/repository/com/aayushatharva/brotli4j/native-linux-x86_64/1.4.2/native-linux-x86_64-1.4.2.jar:/root/.m2/repository/com/aayushatharva/brotli4j/native-linux-aarch64/1.4.2/native-linux-aarch64-1.4.2.jar:/root/.m2/repository/com/aayushatharva/brotli4j/native-osx-x86_64/1.4.2/native-osx-x86_64-1.4.2.jar:/root/.m2/repository/com/aayushatharva/brotli4j/native-windows-x86_64/1.4.2/native-windows-x86_64-1.4.2.jar:/root/.m2/repository/io/gatling/gatling-jms/3.6.0/gatling-jms-3.6.0.jar:/root/.m2/repository/javax/jms/javax.jms-api/2.0.1/javax.jms-api-2.0.1.jar:/root/.m2/repository/com/eatthepath/fast-uuid/0.1/fast-uuid-0.1.jar:/root/.m2/repository/io/gatling/gatling-jdbc/3.6.0/gatling-jdbc-3.6.0.jar:/root/.m2/repository/io/gatling/gatling-redis/3.6.0/gatling-redis-3.6.0.jar:/root/.m2/repository/net/debasishg/redisclient_2.13/3.30/redisclient_2.13-3.30.jar:/root/.m2/repository/org/apache/commons/commons-pool2/2.8.0/commons-pool2-2.8.0.jar:/root/.m2/repository/io/gatling/gatling-graphite/3.6.0/gatling-graphite-3.6.0.jar:/root/.m2/repository/org/hdrhistogram/HdrHistogram/2.1.12/HdrHistogram-2.1.12.jar:/root/.m2/repository/io/gatling/gatling-charts/3.6.0/gatling-charts-3.6.0.jar:/root/.m2/repository/com/tdunning/t-digest/3.1/t-digest-3.1.jar:/root/.m2/repository/io/gatling/gatling-recorder/3.6.0/gatling-recorder-3.6.0.jar:/root/.m2/repository/org/scala-lang/modules/scala-swing_2.13/3.0.0/scala-swing_2.13-3.0.0.jar:/root/.m2/repository/org/bouncycastle/bcpkix-jdk15on/1.68/bcpkix-jdk15on-1.68.jar:/root/.m2/repository/org/bouncycastle/bcprov-jdk15on/1.68/bcprov-jdk15on-1.68.jar:/root/.m2/repository/com/typesafe/akka/akka-actor_2.13/2.6.14/akka-actor_2.13-2.6.14.jar:/root/.m2/repository/com/typesafe/config/1.4.0/config-1.4.0.jar:/root/.m2/repository/org/scala-lang/modules/scala-java8-compat_2.13/0.9.0/scala-java8-compat_2.13-0.9.0.jar:"/>
    <property name="sun.cpu.endian" value="little"/>
    <property name="user.home" value="/root"/>
    <property name="user.language" value="en"/>
    <property name="java.specification.vendor" value="Oracle Corporation"/>
    <property name="java.version.date" value="2021-01-19"/>
    <property name="java.home" value="/usr/local/openjdk-11"/>
    <property name="file.separator" value="/"/>
    <property name="basedir" value="/home/sampleTest/SIMPLI-API"/>
    <property name="java.vm.compressedOopsMode" value="32-bit"/>
    <property name="line.separator" value="&#10;"/>
    <property name="java.specification.name" value="Java Platform API Specification"/>
    <property name="java.vm.specification.vendor" value="Oracle Corporation"/>
    <property name="java.awt.graphicsenv" value="sun.awt.X11GraphicsEnvironment"/>
    <property name="surefire.real.class.path" value="/home/sampleTest/SIMPLI-API/target/surefire/surefirebooter12488578955270771373.jar"/>
    <property name="sun.management.compiler" value="HotSpot 64-Bit Tiered Compilers"/>
    <property name="java.runtime.version" value="11.0.10+9"/>
    <property name="user.name" value="root"/>
    <property name="path.separator" value=":"/>
    <property name="os.version" value="5.10.104-linuxkit"/>
    <property name="java.runtime.name" value="OpenJDK Runtime Environment"/>
    <property name="file.encoding" value="UTF-8"/>
    <property name="java.vm.name" value="OpenJDK 64-Bit Server VM"/>
    <property name="java.vendor.version" value="18.9"/>
    <property name="localRepository" value="/root/.m2/repository"/>
    <property name="java.vendor.url.bug" value="https://bugreport.java.com/bugreport/"/>
    <property name="java.io.tmpdir" value="/tmp"/>
    <property name="java.version" value="11.0.10"/>
    <property name="user.dir" value="/home/sampleTest/SIMPLI-API"/>
    <property name="os.arch" value="amd64"/>
    <property name="java.vm.specification.name" value="Java Virtual Machine Specification"/>
    <property name="java.awt.printerjob" value="sun.print.PSPrinterJob"/>
    <property name="sun.os.patch.level" value="unknown"/>
    <property name="java.library.path" value="/usr/java/packages/lib:/usr/lib64:/lib64:/lib:/usr/lib"/>
    <property name="java.vm.info" value="mixed mode, sharing"/>
    <property name="java.vendor" value="Oracle Corporation"/>
    <property name="java.vm.version" value="11.0.10+9"/>
    <property name="sun.io.unicode.encoding" value="UnicodeLittle"/>
    <property name="java.class.version" value="55.0"/>
  </properties>
  <testcase name="testParallel" classname="examples.ExamplesTest" time="39.112"/>
</testsuite>